<?xml version="1.0" encoding="UTF-8"?>
<!-- Generated by org.testng.reporters.JUnitReportReporter -->
<testsuite hostname="TYC1121589" failures="0" tests="2" name="com.TM.TestCases.LoginScreen" time="58.962" errors="0" timestamp="2022-10-15T10:31:49 IST" skipped="0">
  <testcase classname="com.TM.TestCases.LoginScreen" name="regFunction" time="48.594"/>
  <system-out/>
  <testcase classname="com.TM.TestCases.LoginScreen" name="loginFunction" time="10.368"/>
  <system-out/>
</testsuite> <!-- com.TM.TestCases.LoginScreen -->
